<?xml version="1.0" encoding="UTF-8"?>
<testsuite xmlns:xsi="http://www.w3.org/2001/XMLSchema-instance" xsi:noNamespaceSchemaLocation="https://maven.apache.org/surefire/maven-surefire-plugin/xsd/surefire-test-report-3.0.xsd" version="3.0" name="com.udacity.webcrawler.json.CrawlResultWriterTest" time="0.012" tests="1" errors="0" skipped="0" failures="0">
  <properties>
    <property name="java.specification.version" value="19"/>
    <property name="sun.jnu.encoding" value="UTF-8"/>
    <property name="java.class.path" value="/Users/liruizhi/Desktop/Parallel Web Crawler/starter/webcrawler/target/test-classes:/Users/liruizhi/Desktop/Parallel Web Crawler/starter/webcrawler/target/classes:/Users/liruizhi/.m2/repository/com/google/inject/guice/5.1.0/guice-5.1.0.jar:/Users/liruizhi/.m2/repository/aopalliance/aopalliance/1.0/aopalliance-1.0.jar:/Users/liruizhi/.m2/repository/com/google/guava/guava/30.1-jre/guava-30.1-jre.jar:/Users/liruizhi/.m2/repository/com/google/guava/failureaccess/1.0.1/failureaccess-1.0.1.jar:/Users/liruizhi/.m2/repository/com/google/guava/listenablefuture/9999.0-empty-to-avoid-conflict-with-guava/listenablefuture-9999.0-empty-to-avoid-conflict-with-guava.jar:/Users/liruizhi/.m2/repository/com/google/code/findbugs/jsr305/3.0.2/jsr305-3.0.2.jar:/Users/liruizhi/.m2/repository/com/google/j2objc/j2objc-annotations/1.3/j2objc-annotations-1.3.jar:/Users/liruizhi/.m2/repository/javax/inject/javax.inject/1/javax.inject-1.jar:/Users/liruizhi/.m2/repository/com/fasterxml/jackson/core/jackson-core/2.13.3/jackson-core-2.13.3.jar:/Users/liruizhi/.m2/repository/com/fasterxml/jackson/core/jackson-databind/2.13.3/jackson-databind-2.13.3.jar:/Users/liruizhi/.m2/repository/com/fasterxml/jackson/core/jackson-annotations/2.13.3/jackson-annotations-2.13.3.jar:/Users/liruizhi/.m2/repository/org/jsoup/jsoup/1.14.3/jsoup-1.14.3.jar:/Users/liruizhi/.m2/repository/com/google/truth/truth/1.1.3/truth-1.1.3.jar:/Users/liruizhi/.m2/repository/org/checkerframework/checker-qual/3.13.0/checker-qual-3.13.0.jar:/Users/liruizhi/.m2/repository/junit/junit/4.13.2/junit-4.13.2.jar:/Users/liruizhi/.m2/repository/org/hamcrest/hamcrest-core/1.3/hamcrest-core-1.3.jar:/Users/liruizhi/.m2/repository/com/google/auto/value/auto-value-annotations/1.8.1/auto-value-annotations-1.8.1.jar:/Users/liruizhi/.m2/repository/com/google/errorprone/error_prone_annotations/2.7.1/error_prone_annotations-2.7.1.jar:/Users/liruizhi/.m2/repository/org/ow2/asm/asm/9.1/asm-9.1.jar:/Users/liruizhi/.m2/repository/org/junit/jupiter/junit-jupiter/5.8.2/junit-jupiter-5.8.2.jar:/Users/liruizhi/.m2/repository/org/junit/jupiter/junit-jupiter-api/5.8.2/junit-jupiter-api-5.8.2.jar:/Users/liruizhi/.m2/repository/org/opentest4j/opentest4j/1.2.0/opentest4j-1.2.0.jar:/Users/liruizhi/.m2/repository/org/junit/platform/junit-platform-commons/1.8.2/junit-platform-commons-1.8.2.jar:/Users/liruizhi/.m2/repository/org/apiguardian/apiguardian-api/1.1.2/apiguardian-api-1.1.2.jar:/Users/liruizhi/.m2/repository/org/junit/jupiter/junit-jupiter-params/5.8.2/junit-jupiter-params-5.8.2.jar:/Users/liruizhi/.m2/repository/org/junit/jupiter/junit-jupiter-engine/5.8.2/junit-jupiter-engine-5.8.2.jar:/Users/liruizhi/.m2/repository/org/junit/platform/junit-platform-engine/1.8.2/junit-platform-engine-1.8.2.jar:"/>
    <property name="java.vm.vendor" value="Oracle Corporation"/>
    <property name="sun.arch.data.model" value="64"/>
    <property name="testDataDir" value="/Users/liruizhi/Desktop/Parallel Web Crawler/starter/webcrawler/src/test/data"/>
    <property name="java.vendor.url" value="https://java.oracle.com/"/>
    <property name="user.timezone" value="America/Los_Angeles"/>
    <property name="os.name" value="Mac OS X"/>
    <property name="java.vm.specification.version" value="19"/>
    <property name="crawlerImplementations" value="com.udacity.webcrawler.SequentialWebCrawler&#10;                                com.udacity.webcrawler.ParallelWebCrawler"/>
    <property name="sun.java.launcher" value="SUN_STANDARD"/>
    <property name="user.country" value="CN"/>
    <property name="sun.boot.library.path" value="/Library/Java/JavaVirtualMachines/jdk-19.jdk/Contents/Home/lib"/>
    <property name="sun.java.command" value="/Users/liruizhi/Desktop/Parallel Web Crawler/starter/webcrawler/target/surefire/surefirebooter9918523515286552710.jar /Users/liruizhi/Desktop/Parallel Web Crawler/starter/webcrawler/target/surefire 2023-02-04T16-34-27_577-jvmRun1 surefire279978843979100269tmp surefire_09017842545172759346tmp"/>
    <property name="http.nonProxyHosts" value="local|*.local|169.254/16|*.169.254/16"/>
    <property name="jdk.debug" value="release"/>
    <property name="surefire.test.class.path" value="/Users/liruizhi/Desktop/Parallel Web Crawler/starter/webcrawler/target/test-classes:/Users/liruizhi/Desktop/Parallel Web Crawler/starter/webcrawler/target/classes:/Users/liruizhi/.m2/repository/com/google/inject/guice/5.1.0/guice-5.1.0.jar:/Users/liruizhi/.m2/repository/aopalliance/aopalliance/1.0/aopalliance-1.0.jar:/Users/liruizhi/.m2/repository/com/google/guava/guava/30.1-jre/guava-30.1-jre.jar:/Users/liruizhi/.m2/repository/com/google/guava/failureaccess/1.0.1/failureaccess-1.0.1.jar:/Users/liruizhi/.m2/repository/com/google/guava/listenablefuture/9999.0-empty-to-avoid-conflict-with-guava/listenablefuture-9999.0-empty-to-avoid-conflict-with-guava.jar:/Users/liruizhi/.m2/repository/com/google/code/findbugs/jsr305/3.0.2/jsr305-3.0.2.jar:/Users/liruizhi/.m2/repository/com/google/j2objc/j2objc-annotations/1.3/j2objc-annotations-1.3.jar:/Users/liruizhi/.m2/repository/javax/inject/javax.inject/1/javax.inject-1.jar:/Users/liruizhi/.m2/repository/com/fasterxml/jackson/core/jackson-core/2.13.3/jackson-core-2.13.3.jar:/Users/liruizhi/.m2/repository/com/fasterxml/jackson/core/jackson-databind/2.13.3/jackson-databind-2.13.3.jar:/Users/liruizhi/.m2/repository/com/fasterxml/jackson/core/jackson-annotations/2.13.3/jackson-annotations-2.13.3.jar:/Users/liruizhi/.m2/repository/org/jsoup/jsoup/1.14.3/jsoup-1.14.3.jar:/Users/liruizhi/.m2/repository/com/google/truth/truth/1.1.3/truth-1.1.3.jar:/Users/liruizhi/.m2/repository/org/checkerframework/checker-qual/3.13.0/checker-qual-3.13.0.jar:/Users/liruizhi/.m2/repository/junit/junit/4.13.2/junit-4.13.2.jar:/Users/liruizhi/.m2/repository/org/hamcrest/hamcrest-core/1.3/hamcrest-core-1.3.jar:/Users/liruizhi/.m2/repository/com/google/auto/value/auto-value-annotations/1.8.1/auto-value-annotations-1.8.1.jar:/Users/liruizhi/.m2/repository/com/google/errorprone/error_prone_annotations/2.7.1/error_prone_annotations-2.7.1.jar:/Users/liruizhi/.m2/repository/org/ow2/asm/asm/9.1/asm-9.1.jar:/Users/liruizhi/.m2/repository/org/junit/jupiter/junit-jupiter/5.8.2/junit-jupiter-5.8.2.jar:/Users/liruizhi/.m2/repository/org/junit/jupiter/junit-jupiter-api/5.8.2/junit-jupiter-api-5.8.2.jar:/Users/liruizhi/.m2/repository/org/opentest4j/opentest4j/1.2.0/opentest4j-1.2.0.jar:/Users/liruizhi/.m2/repository/org/junit/platform/junit-platform-commons/1.8.2/junit-platform-commons-1.8.2.jar:/Users/liruizhi/.m2/repository/org/apiguardian/apiguardian-api/1.1.2/apiguardian-api-1.1.2.jar:/Users/liruizhi/.m2/repository/org/junit/jupiter/junit-jupiter-params/5.8.2/junit-jupiter-params-5.8.2.jar:/Users/liruizhi/.m2/repository/org/junit/jupiter/junit-jupiter-engine/5.8.2/junit-jupiter-engine-5.8.2.jar:/Users/liruizhi/.m2/repository/org/junit/platform/junit-platform-engine/1.8.2/junit-platform-engine-1.8.2.jar:"/>
    <property name="sun.cpu.endian" value="little"/>
    <property name="user.home" value="/Users/liruizhi"/>
    <property name="user.language" value="zh"/>
    <property name="java.specification.vendor" value="Oracle Corporation"/>
    <property name="java.version.date" value="2022-10-18"/>
    <property name="java.home" value="/Library/Java/JavaVirtualMachines/jdk-19.jdk/Contents/Home"/>
    <property name="file.separator" value="/"/>
    <property name="basedir" value="/Users/liruizhi/Desktop/Parallel Web Crawler/starter/webcrawler"/>
    <property name="java.vm.compressedOopsMode" value="Zero based"/>
    <property name="line.separator" value="&#10;"/>
    <property name="java.vm.specification.vendor" value="Oracle Corporation"/>
    <property name="java.specification.name" value="Java Platform API Specification"/>
    <property name="apple.awt.application.name" value="ForkedBooter"/>
    <property name="surefire.real.class.path" value="/Users/liruizhi/Desktop/Parallel Web Crawler/starter/webcrawler/target/surefire/surefirebooter9918523515286552710.jar"/>
    <property name="user.script" value="Hans"/>
    <property name="sun.management.compiler" value="HotSpot 64-Bit Tiered Compilers"/>
    <property name="ftp.nonProxyHosts" value="local|*.local|169.254/16|*.169.254/16"/>
    <property name="java.runtime.version" value="19.0.1+10-21"/>
    <property name="user.name" value="liruizhi"/>
    <property name="stdout.encoding" value="UTF-8"/>
    <property name="path.separator" value=":"/>
    <property name="os.version" value="12.5.1"/>
    <property name="java.runtime.name" value="Java(TM) SE Runtime Environment"/>
    <property name="file.encoding" value="UTF-8"/>
    <property name="java.vm.name" value="Java HotSpot(TM) 64-Bit Server VM"/>
    <property name="localRepository" value="/Users/liruizhi/.m2/repository"/>
    <property name="java.vendor.url.bug" value="https://bugreport.java.com/bugreport/"/>
    <property name="java.io.tmpdir" value="/var/folders/yc/sxnrj7yd4nbdl4w3cqmlj4340000gn/T/"/>
    <property name="java.version" value="19.0.1"/>
    <property name="user.dir" value="/Users/liruizhi/Desktop/Parallel Web Crawler/starter/webcrawler"/>
    <property name="os.arch" value="aarch64"/>
    <property name="java.vm.specification.name" value="Java Virtual Machine Specification"/>
    <property name="native.encoding" value="UTF-8"/>
    <property name="java.library.path" value="/Users/liruizhi/Library/Java/Extensions:/Library/Java/Extensions:/Network/Library/Java/Extensions:/System/Library/Java/Extensions:/usr/lib/java:."/>
    <property name="java.vm.info" value="mixed mode, sharing"/>
    <property name="stderr.encoding" value="UTF-8"/>
    <property name="java.vendor" value="Oracle Corporation"/>
    <property name="java.vm.version" value="19.0.1+10-21"/>
    <property name="sun.io.unicode.encoding" value="UnicodeBig"/>
    <property name="socksNonProxyHosts" value="local|*.local|169.254/16|*.169.254/16"/>
    <property name="java.class.version" value="63.0"/>
  </properties>
  <testcase name="testBasicJsonFormatting" classname="com.udacity.webcrawler.json.CrawlResultWriterTest" time="0.011"/>
</testsuite>